<?xml version="1.0" encoding="UTF-8"?>
<robot generator="Robot 7.0 (Python 3.12.1 on win32)" generated="2024-01-19T09:19:25.002290" rpa="false" schemaversion="5">
<suite id="s1" name="Homey" source="C:\Users\anirr\Downloads\US - réaliser_une_recherche_simple\Homey">
<suite id="s1-s1" name="Tests" source="C:\Users\anirr\Downloads\US - réaliser_une_recherche_simple\Homey\tests">
<suite id="s1-s1-s1" name="Realiser-Recherche-Simple" source="C:\Users\anirr\Downloads\US - réaliser_une_recherche_simple\Homey\tests\realiser-recherche-simple.robot">
<test id="s1-s1-s1-t1" name="Test Utilisateur Recherche Sans Critères" line="10">
<kw name="Ouvrir Le Navigateur Et Accéder A La Page d'Accueil" owner="commun-homey" type="SETUP">
<kw name="Open Browser" owner="SeleniumLibrary">
<msg time="2024-01-19T09:19:25.434149" level="INFO">Opening browser 'Chrome' to base url 'None'.</msg>
<arg>browser=${NAVIGATEUR}</arg>
<doc>Opens a new browser instance to the optional ``url``.</doc>
<status status="PASS" start="2024-01-19T09:19:25.434149" elapsed="2.129782"/>
</kw>
<kw name="Maximize Browser Window" owner="SeleniumLibrary">
<doc>Maximizes current browser window.</doc>
<status status="PASS" start="2024-01-19T09:19:27.563931" elapsed="0.460032"/>
</kw>
<kw name="Go To" owner="SeleniumLibrary">
<msg time="2024-01-19T09:19:28.024961" level="INFO">Opening url 'http://livraison3.testacademy.fr/'</msg>
<arg>${HOMEY URL}</arg>
<doc>Navigates the current browser window to the provided ``url``.</doc>
<status status="PASS" start="2024-01-19T09:19:28.024961" elapsed="2.693137"/>
</kw>
<status status="PASS" start="2024-01-19T09:19:25.433152" elapsed="5.284946"/>
</kw>
<kw name="Cliquer Sur Le Bouton Chercher" owner="realiser-recherche-simple">
<kw name="Click Element" owner="SeleniumLibrary">
<msg time="2024-01-19T09:19:30.720097" level="INFO">Clicking element 'xpath=//*[@id="section-body"]/section/div[2]/div[1]/form/div[4]/button'.</msg>
<arg>${BOUTON CHERCHER}</arg>
<doc>Click the element identified by ``locator``.</doc>
<status status="PASS" start="2024-01-19T09:19:30.720097" elapsed="1.549453"/>
</kw>
<status status="PASS" start="2024-01-19T09:19:30.719100" elapsed="1.551446"/>
</kw>
<kw name="Vérifier Que La Page De Résultats De Recherche Est Visible" owner="realiser-recherche-simple">
<kw name="Wait Until Element Is Not Visible" owner="SeleniumLibrary">
<arg>${BOUTON CHERCHER}</arg>
<doc>Waits until the element ``locator`` is not visible.</doc>
<status status="PASS" start="2024-01-19T09:19:32.275531" elapsed="0.033939"/>
</kw>
<kw name="Title Should Be" owner="SeleniumLibrary">
<msg time="2024-01-19T09:19:32.342376" level="INFO">Page title is 'Search Results - Livraison 3'.</msg>
<arg>${TITRE RESULTATS DE RECHERCHE}</arg>
<doc>Verifies that the current page title equals ``title``.</doc>
<status status="PASS" start="2024-01-19T09:19:32.312460" elapsed="0.030914"/>
</kw>
<status status="PASS" start="2024-01-19T09:19:32.273538" elapsed="0.069836"/>
</kw>
<kw name="Vérifier Que Des Resultats Sont Affichés" owner="realiser-recherche-simple">
<kw name="Element Should Be Visible" owner="SeleniumLibrary">
<msg time="2024-01-19T09:19:32.556425" level="INFO">Element 'xpath=//*[@id="homey_halfmap_listings_container"]/div[1]' is displayed.</msg>
<arg>${PREMIER RESULTAT}</arg>
<doc>Verifies that the element identified by ``locator`` is visible.</doc>
<status status="PASS" start="2024-01-19T09:19:32.350895" elapsed="0.206561"/>
</kw>
<status status="PASS" start="2024-01-19T09:19:32.349898" elapsed="0.207558"/>
</kw>
<status status="PASS" start="2024-01-19T09:19:25.431157" elapsed="7.127298"/>
</test>
<test id="s1-s1-s1-t2" name="Test Utilisateur Recherche Avec Un Critère" line="15">
<kw name="Ouvrir Le Navigateur Et Accéder A La Page d'Accueil" owner="commun-homey" type="SETUP">
<kw name="Open Browser" owner="SeleniumLibrary">
<msg time="2024-01-19T09:19:32.563447" level="INFO">Opening browser 'Chrome' to base url 'None'.</msg>
<arg>browser=${NAVIGATEUR}</arg>
<doc>Opens a new browser instance to the optional ``url``.</doc>
<status status="PASS" start="2024-01-19T09:19:32.562450" elapsed="2.512342"/>
</kw>
<kw name="Maximize Browser Window" owner="SeleniumLibrary">
<doc>Maximizes current browser window.</doc>
<status status="PASS" start="2024-01-19T09:19:35.076301" elapsed="0.247005"/>
</kw>
<kw name="Go To" owner="SeleniumLibrary">
<msg time="2024-01-19T09:19:35.329836" level="INFO">Opening url 'http://livraison3.testacademy.fr/'</msg>
<arg>${HOMEY URL}</arg>
<doc>Navigates the current browser window to the provided ``url``.</doc>
<status status="PASS" start="2024-01-19T09:19:35.325303" elapsed="2.831104"/>
</kw>
<status status="PASS" start="2024-01-19T09:19:32.562450" elapsed="5.593957"/>
</kw>
<kw name="Entrer Destination" owner="realiser-recherche-simple">
<kw name="Click Element" owner="SeleniumLibrary">
<msg time="2024-01-19T09:19:38.158553" level="INFO">Clicking element 'xpath=//*[@id="section-body"]/section/div[2]/div[1]/form/div[1]'.</msg>
<arg>${BOUTON DESTINATION}</arg>
<doc>Click the element identified by ``locator``.</doc>
<status status="PASS" start="2024-01-19T09:19:38.158553" elapsed="0.265940"/>
</kw>
<kw name="Click Element" owner="SeleniumLibrary">
<msg time="2024-01-19T09:19:38.431060" level="INFO">Clicking element 'xpath=//*[@id="section-body"]/section/div[2]/div[1]/form/div[1]/div/div/div/input'.</msg>
<arg>${CHAMP DESTINATION}</arg>
<doc>Click the element identified by ``locator``.</doc>
<status status="PASS" start="2024-01-19T09:19:38.427032" elapsed="0.229312"/>
</kw>
<kw name="Input Text" owner="SeleniumLibrary">
<msg time="2024-01-19T09:19:38.657361" level="INFO">Typing text 'Brest' into text field 'xpath=//*[@id="section-body"]/section/div[2]/div[1]/form/div[1]/div/div/div/input'.</msg>
<arg>${CHAMP DESTINATION}</arg>
<arg>${destination}</arg>
<doc>Types the given ``text`` into the text field identified by ``locator``.</doc>
<status status="PASS" start="2024-01-19T09:19:38.656344" elapsed="0.196532"/>
</kw>
<kw name="Wait Until Element Is Visible" owner="SeleniumLibrary">
<arg>${BOUTON SUGGESTION}</arg>
<doc>Waits until the element ``locator`` is visible.</doc>
<status status="PASS" start="2024-01-19T09:19:38.852876" elapsed="0.047623"/>
</kw>
<kw name="Click Element" owner="SeleniumLibrary">
<msg time="2024-01-19T09:19:38.901497" level="INFO">Clicking element 'xpath=//li[@class="active"]'.</msg>
<arg>${BOUTON SUGGESTION}</arg>
<doc>Click the element identified by ``locator``.</doc>
<status status="PASS" start="2024-01-19T09:19:38.900499" elapsed="0.109732"/>
</kw>
<arg>Brest</arg>
<status status="PASS" start="2024-01-19T09:19:38.157552" elapsed="0.853676"/>
</kw>
<kw name="Cliquer Sur Le Bouton Chercher" owner="realiser-recherche-simple">
<kw name="Click Element" owner="SeleniumLibrary">
<msg time="2024-01-19T09:19:39.021306" level="INFO">Clicking element 'xpath=//*[@id="section-body"]/section/div[2]/div[1]/form/div[4]/button'.</msg>
<arg>${BOUTON CHERCHER}</arg>
<doc>Click the element identified by ``locator``.</doc>
<status status="PASS" start="2024-01-19T09:19:39.020310" elapsed="1.466702"/>
</kw>
<status status="PASS" start="2024-01-19T09:19:39.019313" elapsed="1.467699"/>
</kw>
<kw name="Vérifier Que La Page De Résultats De Recherche Est Visible" owner="realiser-recherche-simple">
<kw name="Wait Until Element Is Not Visible" owner="SeleniumLibrary">
<arg>${BOUTON CHERCHER}</arg>
<doc>Waits until the element ``locator`` is not visible.</doc>
<status status="PASS" start="2024-01-19T09:19:40.491009" elapsed="0.068467"/>
</kw>
<kw name="Title Should Be" owner="SeleniumLibrary">
<msg time="2024-01-19T09:19:40.582490" level="INFO">Page title is 'Search Results - Livraison 3'.</msg>
<arg>${TITRE RESULTATS DE RECHERCHE}</arg>
<doc>Verifies that the current page title equals ``title``.</doc>
<status status="PASS" start="2024-01-19T09:19:40.560473" elapsed="0.023012"/>
</kw>
<status status="PASS" start="2024-01-19T09:19:40.490015" elapsed="0.093470"/>
</kw>
<kw name="Vérifier Que Des Resultats Sont Affichés" owner="realiser-recherche-simple">
<kw name="Element Should Be Visible" owner="SeleniumLibrary">
<msg time="2024-01-19T09:19:40.720219" level="INFO">Element 'xpath=//*[@id="homey_halfmap_listings_container"]/div[1]' is displayed.</msg>
<arg>${PREMIER RESULTAT}</arg>
<doc>Verifies that the element identified by ``locator`` is visible.</doc>
<status status="PASS" start="2024-01-19T09:19:40.585477" elapsed="0.134742"/>
</kw>
<status status="PASS" start="2024-01-19T09:19:40.584480" elapsed="0.136737"/>
</kw>
<kw name="Vérifier Que Le Premier Resultat A Le Bon Critère Destination" owner="realiser-recherche-simple">
<kw name="Wait Until Element Is Visible" owner="SeleniumLibrary">
<arg>${ADRESSE DESTINATION RESULTAT}</arg>
<doc>Waits until the element ``locator`` is visible.</doc>
<status status="PASS" start="2024-01-19T09:19:40.726204" elapsed="0.494095"/>
</kw>
<kw name="Get WebElements" owner="SeleniumLibrary">
<msg time="2024-01-19T09:19:41.232781" level="INFO">${resultats} = [&lt;selenium.webdriver.remote.webelement.WebElement (session="110c5c72ee46761dd9cf057532ca4180", element="CF261D1AFFB76358D28FF35475B96D4B_element_77")&gt;]</msg>
<var>${resultats}</var>
<arg>${ADRESSE DESTINATION RESULTAT}</arg>
<doc>Returns a list of WebElement objects matching the ``locator``.</doc>
<status status="PASS" start="2024-01-19T09:19:41.220299" elapsed="0.013480"/>
</kw>
<for flavor="IN">
<iter>
<kw name="Element Should Contain" owner="SeleniumLibrary">
<msg time="2024-01-19T09:19:41.264833" level="INFO">Element '&lt;selenium.webdriver.remote.webelement.WebElement (session="110c5c72ee46761dd9cf057532ca4180", element="CF261D1AFFB76358D28FF35475B96D4B_element_77")&gt;' contains text 'Brest'.</msg>
<arg>${resultat}</arg>
<arg>${destination}</arg>
<arg>ignore_case=True</arg>
<doc>Verifies that element ``locator`` contains text ``expected``.</doc>
<status status="PASS" start="2024-01-19T09:19:41.234775" elapsed="0.030058"/>
</kw>
<var name="${resultat}">&lt;selenium.webdriver.remote.webelement.WebElement (session="110c5c72ee46761dd9cf057532ca4180", element="CF261D1AFFB76358D28FF35475B96D4B_element_77")&gt;</var>
<status status="PASS" start="2024-01-19T09:19:41.234775" elapsed="0.030058"/>
</iter>
<var>${resultat}</var>
<value>@{resultats}</value>
<status status="PASS" start="2024-01-19T09:19:41.233779" elapsed="0.031054"/>
</for>
<arg>Brest</arg>
<status status="PASS" start="2024-01-19T09:19:40.725210" elapsed="0.539623"/>
</kw>
<status status="PASS" start="2024-01-19T09:19:32.560455" elapsed="8.705885"/>
</test>
<test id="s1-s1-s1-t3" name="Test Utilisateur Recherche Avec Plusieurs Critères" line="22">
<kw name="Ouvrir Le Navigateur Et Accéder A La Page d'Accueil" owner="commun-homey" type="SETUP">
<kw name="Open Browser" owner="SeleniumLibrary">
<msg time="2024-01-19T09:19:41.270352" level="INFO">Opening browser 'Chrome' to base url 'None'.</msg>
<arg>browser=${NAVIGATEUR}</arg>
<doc>Opens a new browser instance to the optional ``url``.</doc>
<status status="PASS" start="2024-01-19T09:19:41.270352" elapsed="2.835801"/>
</kw>
<kw name="Maximize Browser Window" owner="SeleniumLibrary">
<doc>Maximizes current browser window.</doc>
<status status="PASS" start="2024-01-19T09:19:44.106153" elapsed="0.232704"/>
</kw>
<kw name="Go To" owner="SeleniumLibrary">
<msg time="2024-01-19T09:19:44.339853" level="INFO">Opening url 'http://livraison3.testacademy.fr/'</msg>
<arg>${HOMEY URL}</arg>
<doc>Navigates the current browser window to the provided ``url``.</doc>
<status status="PASS" start="2024-01-19T09:19:44.338857" elapsed="1.964087"/>
</kw>
<status status="PASS" start="2024-01-19T09:19:41.269355" elapsed="5.033589"/>
</kw>
<kw name="Entrer Destination" owner="realiser-recherche-simple">
<kw name="Click Element" owner="SeleniumLibrary">
<msg time="2024-01-19T09:19:46.306445" level="INFO">Clicking element 'xpath=//*[@id="section-body"]/section/div[2]/div[1]/form/div[1]'.</msg>
<arg>${BOUTON DESTINATION}</arg>
<doc>Click the element identified by ``locator``.</doc>
<status status="PASS" start="2024-01-19T09:19:46.305446" elapsed="0.419029"/>
</kw>
<kw name="Click Element" owner="SeleniumLibrary">
<msg time="2024-01-19T09:19:46.725472" level="INFO">Clicking element 'xpath=//*[@id="section-body"]/section/div[2]/div[1]/form/div[1]/div/div/div/input'.</msg>
<arg>${CHAMP DESTINATION}</arg>
<doc>Click the element identified by ``locator``.</doc>
<status status="PASS" start="2024-01-19T09:19:46.724475" elapsed="0.215379"/>
</kw>
<kw name="Input Text" owner="SeleniumLibrary">
<msg time="2024-01-19T09:19:46.939854" level="INFO">Typing text 'San Francisco' into text field 'xpath=//*[@id="section-body"]/section/div[2]/div[1]/form/div[1]/div/div/div/input'.</msg>
<arg>${CHAMP DESTINATION}</arg>
<arg>${destination}</arg>
<doc>Types the given ``text`` into the text field identified by ``locator``.</doc>
<status status="PASS" start="2024-01-19T09:19:46.939854" elapsed="0.362888"/>
</kw>
<kw name="Wait Until Element Is Visible" owner="SeleniumLibrary">
<arg>${BOUTON SUGGESTION}</arg>
<doc>Waits until the element ``locator`` is visible.</doc>
<status status="PASS" start="2024-01-19T09:19:47.302742" elapsed="0.101087"/>
</kw>
<kw name="Click Element" owner="SeleniumLibrary">
<msg time="2024-01-19T09:19:47.404824" level="INFO">Clicking element 'xpath=//li[@class="active"]'.</msg>
<arg>${BOUTON SUGGESTION}</arg>
<doc>Click the element identified by ``locator``.</doc>
<status status="PASS" start="2024-01-19T09:19:47.403829" elapsed="0.301225"/>
</kw>
<arg>San Francisco</arg>
<status status="PASS" start="2024-01-19T09:19:46.304445" elapsed="1.401607"/>
</kw>
<kw name="Entrer Voyageurs Adultes" owner="realiser-recherche-simple">
<kw name="Click Element" owner="SeleniumLibrary">
<msg time="2024-01-19T09:19:47.718073" level="INFO">Clicking element 'xpath=//*[@id="section-body"]/section/div[2]/div[1]/form/div[3]'.</msg>
<arg>${BOUTON VOYAGEURS}</arg>
<doc>Click the element identified by ``locator``.</doc>
<status status="PASS" start="2024-01-19T09:19:47.717071" elapsed="0.151453"/>
</kw>
<for flavor="IN RANGE">
<iter>
<kw name="Click Element" owner="SeleniumLibrary">
<msg time="2024-01-19T09:19:47.870519" level="INFO">Clicking element 'xpath=//*[@id="section-body"]/section/div[2]/div[1]/form/div[3]/div/div[1]/button[1]'.</msg>
<arg>${BOUTON AJOUTER VOYAGEUR ADULTE}</arg>
<doc>Click the element identified by ``locator``.</doc>
<status status="PASS" start="2024-01-19T09:19:47.870519" elapsed="0.185548"/>
</kw>
<var name="${i}">0</var>
<status status="PASS" start="2024-01-19T09:19:47.869521" elapsed="0.186546"/>
</iter>
<iter>
<kw name="Click Element" owner="SeleniumLibrary">
<msg time="2024-01-19T09:19:48.060587" level="INFO">Clicking element 'xpath=//*[@id="section-body"]/section/div[2]/div[1]/form/div[3]/div/div[1]/button[1]'.</msg>
<arg>${BOUTON AJOUTER VOYAGEUR ADULTE}</arg>
<doc>Click the element identified by ``locator``.</doc>
<status status="PASS" start="2024-01-19T09:19:48.058594" elapsed="0.138120"/>
</kw>
<var name="${i}">1</var>
<status status="PASS" start="2024-01-19T09:19:48.056573" elapsed="0.141143"/>
</iter>
<var>${i}</var>
<value>0</value>
<value>${nombre de voyageurs adultes}</value>
<status status="PASS" start="2024-01-19T09:19:47.869521" elapsed="0.328195"/>
</for>
<kw name="Click Element" owner="SeleniumLibrary">
<msg time="2024-01-19T09:19:48.198719" level="INFO">Clicking element 'xpath=//*[@id="section-body"]/section/div[2]/div[1]/form/div[3]/div/div[4]/button'.</msg>
<arg>${BOUTON VOYAGEUR APPLIQUER}</arg>
<doc>Click the element identified by ``locator``.</doc>
<status status="PASS" start="2024-01-19T09:19:48.197716" elapsed="0.088628"/>
</kw>
<arg>2</arg>
<status status="PASS" start="2024-01-19T09:19:47.717071" elapsed="0.569273"/>
</kw>
<kw name="Cliquer Sur Le Bouton Chercher" owner="realiser-recherche-simple">
<kw name="Click Element" owner="SeleniumLibrary">
<msg time="2024-01-19T09:19:48.288370" level="INFO">Clicking element 'xpath=//*[@id="section-body"]/section/div[2]/div[1]/form/div[4]/button'.</msg>
<arg>${BOUTON CHERCHER}</arg>
<doc>Click the element identified by ``locator``.</doc>
<status status="PASS" start="2024-01-19T09:19:48.287366" elapsed="1.669350"/>
</kw>
<status status="PASS" start="2024-01-19T09:19:48.287366" elapsed="1.670352"/>
</kw>
<kw name="Vérifier Que La Page De Résultats De Recherche Est Visible" owner="realiser-recherche-simple">
<kw name="Wait Until Element Is Not Visible" owner="SeleniumLibrary">
<arg>${BOUTON CHERCHER}</arg>
<doc>Waits until the element ``locator`` is not visible.</doc>
<status status="PASS" start="2024-01-19T09:19:49.958722" elapsed="0.039719"/>
</kw>
<kw name="Title Should Be" owner="SeleniumLibrary">
<msg time="2024-01-19T09:19:50.017116" level="INFO">Page title is 'Search Results - Livraison 3'.</msg>
<arg>${TITRE RESULTATS DE RECHERCHE}</arg>
<doc>Verifies that the current page title equals ``title``.</doc>
<status status="PASS" start="2024-01-19T09:19:49.999434" elapsed="0.017682"/>
</kw>
<status status="PASS" start="2024-01-19T09:19:49.957718" elapsed="0.060395"/>
</kw>
<kw name="Vérifier Que Des Resultats Sont Affichés" owner="realiser-recherche-simple">
<kw name="Element Should Be Visible" owner="SeleniumLibrary">
<msg time="2024-01-19T09:19:50.123892" level="INFO">Element 'xpath=//*[@id="homey_halfmap_listings_container"]/div[1]' is displayed.</msg>
<arg>${PREMIER RESULTAT}</arg>
<doc>Verifies that the element identified by ``locator`` is visible.</doc>
<status status="PASS" start="2024-01-19T09:19:50.023108" elapsed="0.100784"/>
</kw>
<status status="PASS" start="2024-01-19T09:19:50.021124" elapsed="0.103767"/>
</kw>
<kw name="Vérifier Que Le Premier Resultat A Le Bon Critère Destination" owner="realiser-recherche-simple">
<kw name="Wait Until Element Is Visible" owner="SeleniumLibrary">
<arg>${ADRESSE DESTINATION RESULTAT}</arg>
<doc>Waits until the element ``locator`` is visible.</doc>
<status status="PASS" start="2024-01-19T09:19:50.136479" elapsed="1.074967"/>
</kw>
<kw name="Get WebElements" owner="SeleniumLibrary">
<msg time="2024-01-19T09:19:51.231964" level="INFO">${resultats} = [&lt;selenium.webdriver.remote.webelement.WebElement (session="f3e3e7cc2cb1c52c5fddf0dd2ba75571", element="2538D950C725233266D3FFC5C2CFB114_element_87")&gt;, &lt;selenium.webdriver.remote.webelement.WebElement...</msg>
<var>${resultats}</var>
<arg>${ADRESSE DESTINATION RESULTAT}</arg>
<doc>Returns a list of WebElement objects matching the ``locator``.</doc>
<status status="PASS" start="2024-01-19T09:19:51.212444" elapsed="0.019520"/>
</kw>
<for flavor="IN">
<iter>
<kw name="Element Should Contain" owner="SeleniumLibrary">
<msg time="2024-01-19T09:19:51.253864" level="INFO">Element '&lt;selenium.webdriver.remote.webelement.WebElement (session="f3e3e7cc2cb1c52c5fddf0dd2ba75571", element="2538D950C725233266D3FFC5C2CFB114_element_87")&gt;' contains text 'San Francisco'.</msg>
<arg>${resultat}</arg>
<arg>${destination}</arg>
<arg>ignore_case=True</arg>
<doc>Verifies that element ``locator`` contains text ``expected``.</doc>
<status status="PASS" start="2024-01-19T09:19:51.232962" elapsed="0.021898"/>
</kw>
<var name="${resultat}">&lt;selenium.webdriver.remote.webelement.WebElement (session="f3e3e7cc2cb1c52c5fddf0dd2ba75571", element="2538D950C725233266D3FFC5C2CFB114_element_87")&gt;</var>
<status status="PASS" start="2024-01-19T09:19:51.232962" elapsed="0.021898"/>
</iter>
<iter>
<kw name="Element Should Contain" owner="SeleniumLibrary">
<msg time="2024-01-19T09:19:51.269890" level="INFO">Element '&lt;selenium.webdriver.remote.webelement.WebElement (session="f3e3e7cc2cb1c52c5fddf0dd2ba75571", element="2538D950C725233266D3FFC5C2CFB114_element_88")&gt;' contains text 'San Francisco'.</msg>
<arg>${resultat}</arg>
<arg>${destination}</arg>
<arg>ignore_case=True</arg>
<doc>Verifies that element ``locator`` contains text ``expected``.</doc>
<status status="PASS" start="2024-01-19T09:19:51.254860" elapsed="0.015030"/>
</kw>
<var name="${resultat}">&lt;selenium.webdriver.remote.webelement.WebElement (session="f3e3e7cc2cb1c52c5fddf0dd2ba75571", element="2538D950C725233266D3FFC5C2CFB114_element_88")&gt;</var>
<status status="PASS" start="2024-01-19T09:19:51.254860" elapsed="0.015030"/>
</iter>
<var>${resultat}</var>
<value>@{resultats}</value>
<status status="PASS" start="2024-01-19T09:19:51.231964" elapsed="0.038923"/>
</for>
<arg>San Francisco</arg>
<status status="PASS" start="2024-01-19T09:19:50.135483" elapsed="1.135404"/>
</kw>
<kw name="Vérifier Que Le Premier Resultat A Le Bon Critère Nombre De Voyageurs Adultes" owner="realiser-recherche-simple">
<kw name="Wait Until Element Is Visible" owner="SeleniumLibrary">
<arg>${NOMBRE VOYAGEUR RESULTAT}</arg>
<doc>Waits until the element ``locator`` is visible.</doc>
<status status="PASS" start="2024-01-19T09:19:51.271885" elapsed="0.041100"/>
</kw>
<kw name="Get WebElements" owner="SeleniumLibrary">
<msg time="2024-01-19T09:19:51.327567" level="INFO">${resultats} = [&lt;selenium.webdriver.remote.webelement.WebElement (session="f3e3e7cc2cb1c52c5fddf0dd2ba75571", element="2538D950C725233266D3FFC5C2CFB114_element_106")&gt;, &lt;selenium.webdriver.remote.webelement.WebElemen...</msg>
<var>${resultats}</var>
<arg>${NOMBRE VOYAGEUR RESULTAT}</arg>
<doc>Returns a list of WebElement objects matching the ``locator``.</doc>
<status status="PASS" start="2024-01-19T09:19:51.312985" elapsed="0.014582"/>
</kw>
<for flavor="IN">
<iter>
<kw name="Element Should Contain" owner="SeleniumLibrary">
<msg time="2024-01-19T09:19:51.347165" level="INFO">Element '&lt;selenium.webdriver.remote.webelement.WebElement (session="f3e3e7cc2cb1c52c5fddf0dd2ba75571", element="2538D950C725233266D3FFC5C2CFB114_element_106")&gt;' contains text '2'.</msg>
<arg>${resultat}</arg>
<arg>${nombre de voyageurs adultes}</arg>
<arg>ignore_case=True</arg>
<doc>Verifies that element ``locator`` contains text ``expected``.</doc>
<status status="PASS" start="2024-01-19T09:19:51.330125" elapsed="0.018264"/>
</kw>
<var name="${resultat}">&lt;selenium.webdriver.remote.webelement.WebElement (session="f3e3e7cc2cb1c52c5fddf0dd2ba75571", element="2538D950C725233266D3FFC5C2CFB114_element_106")&gt;</var>
<status status="PASS" start="2024-01-19T09:19:51.330125" elapsed="0.018264"/>
</iter>
<iter>
<kw name="Element Should Contain" owner="SeleniumLibrary">
<msg time="2024-01-19T09:19:51.358820" level="INFO">Element '&lt;selenium.webdriver.remote.webelement.WebElement (session="f3e3e7cc2cb1c52c5fddf0dd2ba75571", element="2538D950C725233266D3FFC5C2CFB114_element_107")&gt;' contains text '2'.</msg>
<arg>${resultat}</arg>
<arg>${nombre de voyageurs adultes}</arg>
<arg>ignore_case=True</arg>
<doc>Verifies that element ``locator`` contains text ``expected``.</doc>
<status status="PASS" start="2024-01-19T09:19:51.349390" elapsed="0.010947"/>
</kw>
<var name="${resultat}">&lt;selenium.webdriver.remote.webelement.WebElement (session="f3e3e7cc2cb1c52c5fddf0dd2ba75571", element="2538D950C725233266D3FFC5C2CFB114_element_107")&gt;</var>
<status status="PASS" start="2024-01-19T09:19:51.348389" elapsed="0.012969"/>
</iter>
<var>${resultat}</var>
<value>@{resultats}</value>
<status status="PASS" start="2024-01-19T09:19:51.327567" elapsed="0.034785"/>
</for>
<arg>2</arg>
<status status="PASS" start="2024-01-19T09:19:51.270887" elapsed="0.091465"/>
</kw>
<status status="PASS" start="2024-01-19T09:19:41.268352" elapsed="10.096988"/>
</test>
<test id="s1-s1-s1-t4" name="Test Utilisateur Recherche Avec Critères Valides Sans Résultat" line="31">
<kw name="Ouvrir Le Navigateur Et Accéder A La Page d'Accueil" owner="commun-homey" type="SETUP">
<kw name="Open Browser" owner="SeleniumLibrary">
<msg time="2024-01-19T09:19:51.383001" level="INFO">Opening browser 'Chrome' to base url 'None'.</msg>
<arg>browser=${NAVIGATEUR}</arg>
<doc>Opens a new browser instance to the optional ``url``.</doc>
<status status="PASS" start="2024-01-19T09:19:51.382003" elapsed="3.362655"/>
</kw>
<kw name="Maximize Browser Window" owner="SeleniumLibrary">
<doc>Maximizes current browser window.</doc>
<status status="PASS" start="2024-01-19T09:19:54.744658" elapsed="0.256285"/>
</kw>
<kw name="Go To" owner="SeleniumLibrary">
<msg time="2024-01-19T09:19:55.003932" level="INFO">Opening url 'http://livraison3.testacademy.fr/'</msg>
<arg>${HOMEY URL}</arg>
<doc>Navigates the current browser window to the provided ``url``.</doc>
<status status="PASS" start="2024-01-19T09:19:55.001941" elapsed="3.002613"/>
</kw>
<status status="PASS" start="2024-01-19T09:19:51.378411" elapsed="6.626143"/>
</kw>
<kw name="Entrer Destination" owner="realiser-recherche-simple">
<kw name="Click Element" owner="SeleniumLibrary">
<msg time="2024-01-19T09:19:58.007085" level="INFO">Clicking element 'xpath=//*[@id="section-body"]/section/div[2]/div[1]/form/div[1]'.</msg>
<arg>${BOUTON DESTINATION}</arg>
<doc>Click the element identified by ``locator``.</doc>
<status status="PASS" start="2024-01-19T09:19:58.006062" elapsed="0.794406"/>
</kw>
<kw name="Click Element" owner="SeleniumLibrary">
<msg time="2024-01-19T09:19:58.801458" level="INFO">Clicking element 'xpath=//*[@id="section-body"]/section/div[2]/div[1]/form/div[1]/div/div/div/input'.</msg>
<arg>${CHAMP DESTINATION}</arg>
<doc>Click the element identified by ``locator``.</doc>
<status status="PASS" start="2024-01-19T09:19:58.800468" elapsed="0.246550"/>
</kw>
<kw name="Input Text" owner="SeleniumLibrary">
<msg time="2024-01-19T09:19:59.049023" level="INFO">Typing text 'San Francisco' into text field 'xpath=//*[@id="section-body"]/section/div[2]/div[1]/form/div[1]/div/div/div/input'.</msg>
<arg>${CHAMP DESTINATION}</arg>
<arg>${destination}</arg>
<doc>Types the given ``text`` into the text field identified by ``locator``.</doc>
<status status="PASS" start="2024-01-19T09:19:59.048013" elapsed="1.028220"/>
</kw>
<kw name="Wait Until Element Is Visible" owner="SeleniumLibrary">
<arg>${BOUTON SUGGESTION}</arg>
<doc>Waits until the element ``locator`` is visible.</doc>
<status status="PASS" start="2024-01-19T09:20:00.076233" elapsed="0.038564"/>
</kw>
<kw name="Click Element" owner="SeleniumLibrary">
<msg time="2024-01-19T09:20:00.114797" level="INFO">Clicking element 'xpath=//li[@class="active"]'.</msg>
<arg>${BOUTON SUGGESTION}</arg>
<doc>Click the element identified by ``locator``.</doc>
<status status="PASS" start="2024-01-19T09:20:00.114797" elapsed="0.087043"/>
</kw>
<arg>San Francisco</arg>
<status status="PASS" start="2024-01-19T09:19:58.004554" elapsed="2.197286"/>
</kw>
<kw name="Entrer Voyageurs Adultes" owner="realiser-recherche-simple">
<kw name="Click Element" owner="SeleniumLibrary">
<msg time="2024-01-19T09:20:00.235342" level="INFO">Clicking element 'xpath=//*[@id="section-body"]/section/div[2]/div[1]/form/div[3]'.</msg>
<arg>${BOUTON VOYAGEURS}</arg>
<doc>Click the element identified by ``locator``.</doc>
<status status="PASS" start="2024-01-19T09:20:00.235342" elapsed="0.098825"/>
</kw>
<for flavor="IN RANGE">
<iter>
<kw name="Click Element" owner="SeleniumLibrary">
<msg time="2024-01-19T09:20:00.335163" level="INFO">Clicking element 'xpath=//*[@id="section-body"]/section/div[2]/div[1]/form/div[3]/div/div[1]/button[1]'.</msg>
<arg>${BOUTON AJOUTER VOYAGEUR ADULTE}</arg>
<doc>Click the element identified by ``locator``.</doc>
<status status="PASS" start="2024-01-19T09:20:00.335163" elapsed="0.484816"/>
</kw>
<var name="${i}">0</var>
<status status="PASS" start="2024-01-19T09:20:00.335163" elapsed="0.485812"/>
</iter>
<iter>
<kw name="Click Element" owner="SeleniumLibrary">
<msg time="2024-01-19T09:20:00.821974" level="INFO">Clicking element 'xpath=//*[@id="section-body"]/section/div[2]/div[1]/form/div[3]/div/div[1]/button[1]'.</msg>
<arg>${BOUTON AJOUTER VOYAGEUR ADULTE}</arg>
<doc>Click the element identified by ``locator``.</doc>
<status status="PASS" start="2024-01-19T09:20:00.821974" elapsed="0.233784"/>
</kw>
<var name="${i}">1</var>
<status status="PASS" start="2024-01-19T09:20:00.820975" elapsed="0.235297"/>
</iter>
<iter>
<kw name="Click Element" owner="SeleniumLibrary">
<msg time="2024-01-19T09:20:01.057280" level="INFO">Clicking element 'xpath=//*[@id="section-body"]/section/div[2]/div[1]/form/div[3]/div/div[1]/button[1]'.</msg>
<arg>${BOUTON AJOUTER VOYAGEUR ADULTE}</arg>
<doc>Click the element identified by ``locator``.</doc>
<status status="PASS" start="2024-01-19T09:20:01.056272" elapsed="0.114734"/>
</kw>
<var name="${i}">2</var>
<status status="PASS" start="2024-01-19T09:20:01.056272" elapsed="0.115732"/>
</iter>
<iter>
<kw name="Click Element" owner="SeleniumLibrary">
<msg time="2024-01-19T09:20:01.173001" level="INFO">Clicking element 'xpath=//*[@id="section-body"]/section/div[2]/div[1]/form/div[3]/div/div[1]/button[1]'.</msg>
<arg>${BOUTON AJOUTER VOYAGEUR ADULTE}</arg>
<doc>Click the element identified by ``locator``.</doc>
<status status="PASS" start="2024-01-19T09:20:01.172004" elapsed="0.049472"/>
</kw>
<var name="${i}">3</var>
<status status="PASS" start="2024-01-19T09:20:01.172004" elapsed="0.049472"/>
</iter>
<iter>
<kw name="Click Element" owner="SeleniumLibrary">
<msg time="2024-01-19T09:20:01.222473" level="INFO">Clicking element 'xpath=//*[@id="section-body"]/section/div[2]/div[1]/form/div[3]/div/div[1]/button[1]'.</msg>
<arg>${BOUTON AJOUTER VOYAGEUR ADULTE}</arg>
<doc>Click the element identified by ``locator``.</doc>
<status status="PASS" start="2024-01-19T09:20:01.222473" elapsed="0.050430"/>
</kw>
<var name="${i}">4</var>
<status status="PASS" start="2024-01-19T09:20:01.222473" elapsed="0.050430"/>
</iter>
<iter>
<kw name="Click Element" owner="SeleniumLibrary">
<msg time="2024-01-19T09:20:01.273898" level="INFO">Clicking element 'xpath=//*[@id="section-body"]/section/div[2]/div[1]/form/div[3]/div/div[1]/button[1]'.</msg>
<arg>${BOUTON AJOUTER VOYAGEUR ADULTE}</arg>
<doc>Click the element identified by ``locator``.</doc>
<status status="PASS" start="2024-01-19T09:20:01.273898" elapsed="0.163976"/>
</kw>
<var name="${i}">5</var>
<status status="PASS" start="2024-01-19T09:20:01.272903" elapsed="0.164971"/>
</iter>
<iter>
<kw name="Click Element" owner="SeleniumLibrary">
<msg time="2024-01-19T09:20:01.438877" level="INFO">Clicking element 'xpath=//*[@id="section-body"]/section/div[2]/div[1]/form/div[3]/div/div[1]/button[1]'.</msg>
<arg>${BOUTON AJOUTER VOYAGEUR ADULTE}</arg>
<doc>Click the element identified by ``locator``.</doc>
<status status="PASS" start="2024-01-19T09:20:01.438877" elapsed="0.056113"/>
</kw>
<var name="${i}">6</var>
<status status="PASS" start="2024-01-19T09:20:01.437874" elapsed="0.057116"/>
</iter>
<iter>
<kw name="Click Element" owner="SeleniumLibrary">
<msg time="2024-01-19T09:20:01.495986" level="INFO">Clicking element 'xpath=//*[@id="section-body"]/section/div[2]/div[1]/form/div[3]/div/div[1]/button[1]'.</msg>
<arg>${BOUTON AJOUTER VOYAGEUR ADULTE}</arg>
<doc>Click the element identified by ``locator``.</doc>
<status status="PASS" start="2024-01-19T09:20:01.494990" elapsed="0.044840"/>
</kw>
<var name="${i}">7</var>
<status status="PASS" start="2024-01-19T09:20:01.494990" elapsed="0.044840"/>
</iter>
<iter>
<kw name="Click Element" owner="SeleniumLibrary">
<msg time="2024-01-19T09:20:01.541824" level="INFO">Clicking element 'xpath=//*[@id="section-body"]/section/div[2]/div[1]/form/div[3]/div/div[1]/button[1]'.</msg>
<arg>${BOUTON AJOUTER VOYAGEUR ADULTE}</arg>
<doc>Click the element identified by ``locator``.</doc>
<status status="PASS" start="2024-01-19T09:20:01.540852" elapsed="0.050995"/>
</kw>
<var name="${i}">8</var>
<status status="PASS" start="2024-01-19T09:20:01.540852" elapsed="0.050995"/>
</iter>
<iter>
<kw name="Click Element" owner="SeleniumLibrary">
<msg time="2024-01-19T09:20:01.592844" level="INFO">Clicking element 'xpath=//*[@id="section-body"]/section/div[2]/div[1]/form/div[3]/div/div[1]/button[1]'.</msg>
<arg>${BOUTON AJOUTER VOYAGEUR ADULTE}</arg>
<doc>Click the element identified by ``locator``.</doc>
<status status="PASS" start="2024-01-19T09:20:01.592844" elapsed="0.047453"/>
</kw>
<var name="${i}">9</var>
<status status="PASS" start="2024-01-19T09:20:01.591847" elapsed="0.048450"/>
</iter>
<iter>
<kw name="Click Element" owner="SeleniumLibrary">
<msg time="2024-01-19T09:20:01.641295" level="INFO">Clicking element 'xpath=//*[@id="section-body"]/section/div[2]/div[1]/form/div[3]/div/div[1]/button[1]'.</msg>
<arg>${BOUTON AJOUTER VOYAGEUR ADULTE}</arg>
<doc>Click the element identified by ``locator``.</doc>
<status status="PASS" start="2024-01-19T09:20:01.640297" elapsed="0.053047"/>
</kw>
<var name="${i}">10</var>
<status status="PASS" start="2024-01-19T09:20:01.640297" elapsed="0.053047"/>
</iter>
<iter>
<kw name="Click Element" owner="SeleniumLibrary">
<msg time="2024-01-19T09:20:01.694340" level="INFO">Clicking element 'xpath=//*[@id="section-body"]/section/div[2]/div[1]/form/div[3]/div/div[1]/button[1]'.</msg>
<arg>${BOUTON AJOUTER VOYAGEUR ADULTE}</arg>
<doc>Click the element identified by ``locator``.</doc>
<status status="PASS" start="2024-01-19T09:20:01.694340" elapsed="0.049484"/>
</kw>
<var name="${i}">11</var>
<status status="PASS" start="2024-01-19T09:20:01.694340" elapsed="0.050481"/>
</iter>
<var>${i}</var>
<value>0</value>
<value>${nombre de voyageurs adultes}</value>
<status status="PASS" start="2024-01-19T09:20:00.334167" elapsed="1.410654"/>
</for>
<kw name="Click Element" owner="SeleniumLibrary">
<msg time="2024-01-19T09:20:01.744821" level="INFO">Clicking element 'xpath=//*[@id="section-body"]/section/div[2]/div[1]/form/div[3]/div/div[4]/button'.</msg>
<arg>${BOUTON VOYAGEUR APPLIQUER}</arg>
<doc>Click the element identified by ``locator``.</doc>
<status status="PASS" start="2024-01-19T09:20:01.744821" elapsed="0.071296"/>
</kw>
<arg>12</arg>
<status status="PASS" start="2024-01-19T09:20:00.234344" elapsed="1.581773"/>
</kw>
<kw name="Cliquer Sur Le Bouton Chercher" owner="realiser-recherche-simple">
<kw name="Click Element" owner="SeleniumLibrary">
<msg time="2024-01-19T09:20:01.817515" level="INFO">Clicking element 'xpath=//*[@id="section-body"]/section/div[2]/div[1]/form/div[4]/button'.</msg>
<arg>${BOUTON CHERCHER}</arg>
<doc>Click the element identified by ``locator``.</doc>
<status status="PASS" start="2024-01-19T09:20:01.817515" elapsed="2.127446"/>
</kw>
<status status="PASS" start="2024-01-19T09:20:01.816117" elapsed="2.129840"/>
</kw>
<kw name="Vérifier Que La Page De Résultats De Recherche Est Visible" owner="realiser-recherche-simple">
<kw name="Wait Until Element Is Not Visible" owner="SeleniumLibrary">
<arg>${BOUTON CHERCHER}</arg>
<doc>Waits until the element ``locator`` is not visible.</doc>
<status status="PASS" start="2024-01-19T09:20:03.960039" elapsed="0.257616"/>
</kw>
<kw name="Title Should Be" owner="SeleniumLibrary">
<msg time="2024-01-19T09:20:04.466186" level="INFO">Page title is 'Search Results - Livraison 3'.</msg>
<arg>${TITRE RESULTATS DE RECHERCHE}</arg>
<doc>Verifies that the current page title equals ``title``.</doc>
<status status="PASS" start="2024-01-19T09:20:04.217655" elapsed="0.249551"/>
</kw>
<status status="PASS" start="2024-01-19T09:20:03.956022" elapsed="0.511184"/>
</kw>
<kw name="Vérifier Message Aucun Résultat" owner="realiser-recherche-simple">
<kw name="Wait Until Element Is Visible" owner="SeleniumLibrary">
<arg>${MESSAGE PAS DE RESULTAT}</arg>
<doc>Waits until the element ``locator`` is visible.</doc>
<status status="PASS" start="2024-01-19T09:20:04.469206" elapsed="0.725576"/>
</kw>
<kw name="Element Should Contain" owner="SeleniumLibrary">
<msg time="2024-01-19T09:20:05.264771" level="INFO">Element 'xpath=//div[@id="homey_halfmap_listings_container"]/div[@class="map-notfound"]' contains text 'Nous n'avons trouvé aucun résultat'.</msg>
<arg>${MESSAGE PAS DE RESULTAT}</arg>
<arg>Nous n'avons trouvé aucun résultat</arg>
<doc>Verifies that element ``locator`` contains text ``expected``.</doc>
<status status="PASS" start="2024-01-19T09:20:05.194782" elapsed="0.070986"/>
</kw>
<status status="PASS" start="2024-01-19T09:20:04.468208" elapsed="0.798064"/>
</kw>
<status status="PASS" start="2024-01-19T09:19:51.373863" elapsed="13.892409"/>
</test>
<test id="s1-s1-s1-t5" name="Test Utilisateur Recherche Avec Un Critère Non Valide" line="38">
<kw name="Ouvrir Le Navigateur Et Accéder A La Page d'Accueil" owner="commun-homey" type="SETUP">
<kw name="Open Browser" owner="SeleniumLibrary">
<msg time="2024-01-19T09:20:05.272274" level="INFO">Opening browser 'Chrome' to base url 'None'.</msg>
<arg>browser=${NAVIGATEUR}</arg>
<doc>Opens a new browser instance to the optional ``url``.</doc>
<status status="PASS" start="2024-01-19T09:20:05.271276" elapsed="2.648427"/>
</kw>
<kw name="Maximize Browser Window" owner="SeleniumLibrary">
<doc>Maximizes current browser window.</doc>
<status status="PASS" start="2024-01-19T09:20:07.919703" elapsed="0.224902"/>
</kw>
<kw name="Go To" owner="SeleniumLibrary">
<msg time="2024-01-19T09:20:08.146116" level="INFO">Opening url 'http://livraison3.testacademy.fr/'</msg>
<arg>${HOMEY URL}</arg>
<doc>Navigates the current browser window to the provided ``url``.</doc>
<status status="PASS" start="2024-01-19T09:20:08.144605" elapsed="4.734708"/>
</kw>
<status status="PASS" start="2024-01-19T09:20:05.271276" elapsed="7.608037"/>
</kw>
<kw name="Entrer Voyageurs Adultes En Input" owner="realiser-recherche-simple">
<kw name="Click Element" owner="SeleniumLibrary">
<msg time="2024-01-19T09:20:12.910385" level="INFO">Clicking element 'xpath=//*[@id="section-body"]/section/div[2]/div[1]/form/div[3]'.</msg>
<arg>${BOUTON VOYAGEURS}</arg>
<doc>Click the element identified by ``locator``.</doc>
<status status="PASS" start="2024-01-19T09:20:12.910385" elapsed="0.585792"/>
</kw>
<kw name="Input Text" owner="SeleniumLibrary">
<msg time="2024-01-19T09:20:13.498688" level="INFO">Typing text 'abc' into text field 'name=guest'.</msg>
<arg>${INPUT VOYAGEURS}</arg>
<arg>${nombre de voyageurs adultes}</arg>
<doc>Types the given ``text`` into the text field identified by ``locator``.</doc>
<status status="PASS" start="2024-01-19T09:20:13.497685" elapsed="0.153294"/>
</kw>
<arg>abc</arg>
<status status="PASS" start="2024-01-19T09:20:12.905885" elapsed="0.746092"/>
</kw>
<kw name="Cliquer Sur Le Bouton Chercher" owner="realiser-recherche-simple">
<kw name="Click Element" owner="SeleniumLibrary">
<msg time="2024-01-19T09:20:13.652974" level="INFO">Clicking element 'xpath=//*[@id="section-body"]/section/div[2]/div[1]/form/div[4]/button'.</msg>
<arg>${BOUTON CHERCHER}</arg>
<doc>Click the element identified by ``locator``.</doc>
<status status="PASS" start="2024-01-19T09:20:13.652974" elapsed="1.713725"/>
</kw>
<status status="PASS" start="2024-01-19T09:20:13.651977" elapsed="1.715729"/>
</kw>
<kw name="Vérifier Qu'On Est Toujours Sur La D'Accueil" owner="realiser-recherche-simple">
<kw name="Get Location" owner="SeleniumLibrary">
<msg time="2024-01-19T09:20:15.404818" level="INFO">${url_actuelle} = http://livraison3.testacademy.fr/index.php/search-results/?city=&amp;arrive=&amp;depart=&amp;guest=abc&amp;adult_guest=0&amp;child_guest=0</msg>
<var>${url_actuelle}</var>
<doc>Returns the current browser window URL.</doc>
<status status="PASS" start="2024-01-19T09:20:15.388305" elapsed="0.020021"/>
</kw>
<kw name="Should Be Equal As Strings" owner="BuiltIn">
<msg time="2024-01-19T09:20:15.411317" level="FAIL">http://livraison3.testacademy.fr/index.php/search-results/?city=&amp;arrive=&amp;depart=&amp;guest=abc&amp;adult_guest=0&amp;child_guest=0 != http://livraison3.testacademy.fr/</msg>
<arg>${url_actuelle}</arg>
<arg>${HOMEY URL}</arg>
<doc>Fails if objects are unequal after converting them to strings.</doc>
<status status="FAIL" start="2024-01-19T09:20:15.409324" elapsed="0.003986">http://livraison3.testacademy.fr/index.php/search-results/?city=&amp;arrive=&amp;depart=&amp;guest=abc&amp;adult_guest=0&amp;child_guest=0 != http://livraison3.testacademy.fr/</status>
</kw>
<status status="FAIL" start="2024-01-19T09:20:15.386274" elapsed="0.027036">http://livraison3.testacademy.fr/index.php/search-results/?city=&amp;arrive=&amp;depart=&amp;guest=abc&amp;adult_guest=0&amp;child_guest=0 != http://livraison3.testacademy.fr/</status>
</kw>
<status status="FAIL" start="2024-01-19T09:20:05.270279" elapsed="10.229944">http://livraison3.testacademy.fr/index.php/search-results/?city=&amp;arrive=&amp;depart=&amp;guest=abc&amp;adult_guest=0&amp;child_guest=0 != http://livraison3.testacademy.fr/</status>
</test>
<status status="FAIL" start="2024-01-19T09:19:25.066790" elapsed="50.637302"/>
</suite>
<status status="FAIL" start="2024-01-19T09:19:25.061295" elapsed="50.709781"/>
</suite>
<status status="FAIL" start="2024-01-19T09:19:25.011786" elapsed="50.779189"/>
</suite>
<statistics>
<total>
<stat pass="4" fail="1" skip="0">All Tests</stat>
</total>
<tag>
</tag>
<suite>
<stat pass="4" fail="1" skip="0" id="s1" name="Homey">Homey</stat>
<stat pass="4" fail="1" skip="0" id="s1-s1" name="Tests">Homey.Tests</stat>
<stat pass="4" fail="1" skip="0" id="s1-s1-s1" name="Realiser-Recherche-Simple">Homey.Tests.Realiser-Recherche-Simple</stat>
</suite>
</statistics>
<errors>
</errors>
</robot>
