<?xml version="1.0" encoding="UTF-8"?>
<robot generator="Robot 7.0 (Python 3.12.1 on win32)" generated="2024-01-29T15:56:40.238601" rpa="false" schemaversion="5">
<suite id="s1" name="Test-Academy" source="C:\Users\anirr\OneDrive\04 - Module - L'AUTOMATISATION WEB\Test-Academy">
<suite id="s1-s1" name="Robot -Projet Homey" source="C:\Users\anirr\OneDrive\04 - Module - L'AUTOMATISATION WEB\Test-Academy\Robot -Projet Homey">
<suite id="s1-s1-s1" name="Story - Se connecter" source="C:\Users\anirr\OneDrive\04 - Module - L'AUTOMATISATION WEB\Test-Academy\Robot -Projet Homey\Story - Se connecter">
<suite id="s1-s1-s1-s1" name="1- Se connecter - valides" source="C:\Users\anirr\OneDrive\04 - Module - L'AUTOMATISATION WEB\Test-Academy\Robot -Projet Homey\Story - Se connecter\1- Se connecter - valides.robot">
<test id="s1-s1-s1-s1-t1" name="Le Tableau De Bord Doit Etre Visible Apres Une Connexion Réussie" line="7">
<kw name="Ouvrir le Navigateur Et Accéder A l'Application" owner="commun" type="SETUP">
<kw name="Open Browser" owner="SeleniumLibrary">
<msg time="2024-01-29T15:56:40.494534" level="INFO">Opening browser 'Chrome' to base url 'None'.</msg>
<arg>browser=${NAVIGATEUR}</arg>
<doc>Opens a new browser instance to the optional ``url``.</doc>
<status status="PASS" start="2024-01-29T15:56:40.494534" elapsed="1.741937"/>
</kw>
<kw name="Go To" owner="SeleniumLibrary">
<msg time="2024-01-29T15:56:42.237479" level="INFO">Opening url 'http://livraison3.testacademy.fr/'</msg>
<arg>${HOMEY URL}</arg>
<doc>Navigates the current browser window to the provided ``url``.</doc>
<status status="PASS" start="2024-01-29T15:56:42.236471" elapsed="2.230506"/>
</kw>
<kw name="Maximize Browser Window" owner="SeleniumLibrary">
<doc>Maximizes current browser window.</doc>
<status status="PASS" start="2024-01-29T15:56:44.466977" elapsed="0.122600"/>
</kw>
<status status="PASS" start="2024-01-29T15:56:40.494534" elapsed="4.096039"/>
</kw>
<kw name="Effectuer Une Connexion Avec Un Compte Valide" owner="commun">
<kw name="Se connecter" owner="commun">
<kw name="Accéder A La Page De Connexion" owner="commun">
<kw name="Wait Until Element Is Visible" owner="SeleniumLibrary">
<arg>${LIEN SE CONNECTER}</arg>
<doc>Waits until the element ``locator`` is visible.</doc>
<status status="PASS" start="2024-01-29T15:56:44.594393" elapsed="0.176102"/>
</kw>
<kw name="Click Element" owner="SeleniumLibrary">
<msg time="2024-01-29T15:56:44.771497" level="INFO">Clicking element 'xpath=//a[contains(text(),'Se connecter')]'.</msg>
<arg>${LIEN SE CONNECTER}</arg>
<doc>Click the element identified by ``locator``.</doc>
<status status="PASS" start="2024-01-29T15:56:44.770495" elapsed="0.100047"/>
</kw>
<status status="PASS" start="2024-01-29T15:56:44.593067" elapsed="0.277475"/>
</kw>
<kw name="Entrer Le Nom D'utilisateur" owner="commun">
<kw name="Wait Until Element Is Visible" owner="SeleniumLibrary">
<arg>${CHAMP NOM UTILISATEUR}</arg>
<doc>Waits until the element ``locator`` is visible.</doc>
<status status="PASS" start="2024-01-29T15:56:44.871539" elapsed="0.250854"/>
</kw>
<kw name="Click Element" owner="SeleniumLibrary">
<msg time="2024-01-29T15:56:45.122393" level="INFO">Clicking element 'name=username'.</msg>
<arg>${CHAMP NOM UTILISATEUR}</arg>
<doc>Click the element identified by ``locator``.</doc>
<status status="PASS" start="2024-01-29T15:56:45.122393" elapsed="0.080340"/>
</kw>
<kw name="Input Text" owner="SeleniumLibrary">
<msg time="2024-01-29T15:56:45.202733" level="INFO">Typing text 'robot' into text field 'name=username'.</msg>
<arg>${CHAMP NOM UTILISATEUR}</arg>
<arg>${nom_utilisateur}</arg>
<doc>Types the given ``text`` into the text field identified by ``locator``.</doc>
<status status="PASS" start="2024-01-29T15:56:45.202733" elapsed="0.099520"/>
</kw>
<arg>${nom_utilisateur}</arg>
<status status="PASS" start="2024-01-29T15:56:44.870542" elapsed="0.431711"/>
</kw>
<kw name="Entrer Le Mot De Passe" owner="commun">
<kw name="Click Element" owner="SeleniumLibrary">
<msg time="2024-01-29T15:56:45.312419" level="INFO">Clicking element 'name=password'.</msg>
<arg>${CHAMP MOT DE PASSE}</arg>
<doc>Click the element identified by ``locator``.</doc>
<status status="PASS" start="2024-01-29T15:56:45.312419" elapsed="0.059900"/>
</kw>
<kw name="Input Password" owner="SeleniumLibrary">
<msg time="2024-01-29T15:56:45.372319" level="INFO">Typing password into text field 'name=password'.</msg>
<msg time="2024-01-29T15:56:45.415057" level="INFO">Temporally setting log level to: NONE</msg>
<arg>${CHAMP MOT DE PASSE}</arg>
<arg>${mot_de_passe}</arg>
<doc>Types the given password into the text field identified by ``locator``.</doc>
<status status="PASS" start="2024-01-29T15:56:45.372319" elapsed="0.080234"/>
</kw>
<arg>${mot_de_passe}</arg>
<status status="PASS" start="2024-01-29T15:56:45.302253" elapsed="0.150300"/>
</kw>
<kw name="Soumettre Le Formulaire De Connexion Et Acceder Au Tableau De Bord" owner="commun">
<kw name="Click Button" owner="SeleniumLibrary">
<msg time="2024-01-29T15:56:45.452553" level="INFO">Clicking button 'css=.homey_login_button'.</msg>
<arg>${BOUTON VALIDER}</arg>
<doc>Clicks the button identified by ``locator``.</doc>
<status status="PASS" start="2024-01-29T15:56:45.452553" elapsed="0.079835"/>
</kw>
<kw name="Wait Until Element Is Not Visible" owner="SeleniumLibrary">
<arg>${BOUTON VALIDER}</arg>
<doc>Waits until the element ``locator`` is not visible.</doc>
<status status="PASS" start="2024-01-29T15:56:45.532388" elapsed="1.548887"/>
</kw>
<status status="PASS" start="2024-01-29T15:56:45.452553" elapsed="1.628722"/>
</kw>
<arg>${UTILISATEUR VALIDE}</arg>
<arg>${MOT DE PASSE VALIDE}</arg>
<status status="PASS" start="2024-01-29T15:56:44.592563" elapsed="2.488712"/>
</kw>
<status status="PASS" start="2024-01-29T15:56:44.591566" elapsed="2.489709"/>
</kw>
<kw name="Vérifier Que Le Tableau De Bord Est Visible" owner="commun">
<kw name="Wait Until Element Is Not Visible" owner="SeleniumLibrary">
<arg>${CHAMP NOM UTILISATEUR}</arg>
<doc>Waits until the element ``locator`` is not visible.</doc>
<status status="PASS" start="2024-01-29T15:56:47.082811" elapsed="0.018036"/>
</kw>
<kw name="Title Should Be" owner="SeleniumLibrary">
<msg time="2024-01-29T15:56:47.106342" level="INFO">Page title is 'Tableau de bord - Livraison 3'.</msg>
<arg>${TITRE TABLEAU DE BORD}</arg>
<doc>Verifies that the current page title equals ``title``.</doc>
<status status="PASS" start="2024-01-29T15:56:47.101381" elapsed="0.005991"/>
</kw>
<status status="PASS" start="2024-01-29T15:56:47.081275" elapsed="0.026097"/>
</kw>
<kw name="Effectuer Une Déconnexion Réussie" owner="commun">
<kw name="Mouse Over" owner="SeleniumLibrary">
<msg time="2024-01-29T15:56:47.108370" level="INFO">Simulating Mouse Over on element '//*[@id="homey_nav_sticky"]/div/div/div[3]/div'.</msg>
<arg>${MENU D'UTILISATEUR}</arg>
<doc>Simulates hovering the mouse over the element ``locator``.</doc>
<status status="PASS" start="2024-01-29T15:56:47.108370" elapsed="0.306593"/>
</kw>
<kw name="Wait Until Element Is Visible" owner="SeleniumLibrary">
<arg>${LIEN SE DECONNECTER}</arg>
<doc>Waits until the element ``locator`` is visible.</doc>
<status status="PASS" start="2024-01-29T15:56:47.414963" elapsed="0.025197"/>
</kw>
<kw name="Click Element" owner="SeleniumLibrary">
<msg time="2024-01-29T15:56:47.440160" level="INFO">Clicking element '//*[@id="homey_nav_sticky"]/div/div/div[3]/div/div/ul/li[8]/a'.</msg>
<arg>${LIEN SE DECONNECTER}</arg>
<doc>Click the element identified by ``locator``.</doc>
<status status="PASS" start="2024-01-29T15:56:47.440160" elapsed="1.636219"/>
</kw>
<kw name="Wait Until Element Is Not Visible" owner="SeleniumLibrary">
<arg>${LIEN SE DECONNECTER}</arg>
<doc>Waits until the element ``locator`` is not visible.</doc>
<status status="PASS" start="2024-01-29T15:56:49.077406" elapsed="0.042992"/>
</kw>
<status status="PASS" start="2024-01-29T15:56:47.107372" elapsed="2.014056"/>
</kw>
<kw name="Fermer le Navigateur" owner="commun" type="TEARDOWN">
<kw name="Close Browser" owner="SeleniumLibrary">
<doc>Closes the current browser.</doc>
<status status="PASS" start="2024-01-29T15:56:49.124188" elapsed="2.193966"/>
</kw>
<status status="PASS" start="2024-01-29T15:56:49.121428" elapsed="2.196726"/>
</kw>
<status status="PASS" start="2024-01-29T15:56:40.494534" elapsed="10.823620"/>
</test>
<test id="s1-s1-s1-s1-t2" name="Le Lien De Connexion Devrait Etre Visible Après Une Déconnexion Réussie" line="14">
<kw name="Ouvrir le Navigateur Et Accéder A l'Application" owner="commun" type="SETUP">
<kw name="Open Browser" owner="SeleniumLibrary">
<msg time="2024-01-29T15:56:51.322658" level="INFO">Opening browser 'Chrome' to base url 'None'.</msg>
<arg>browser=${NAVIGATEUR}</arg>
<doc>Opens a new browser instance to the optional ``url``.</doc>
<status status="PASS" start="2024-01-29T15:56:51.322658" elapsed="1.571861"/>
</kw>
<kw name="Go To" owner="SeleniumLibrary">
<msg time="2024-01-29T15:56:52.896673" level="INFO">Opening url 'http://livraison3.testacademy.fr/'</msg>
<arg>${HOMEY URL}</arg>
<doc>Navigates the current browser window to the provided ``url``.</doc>
<status status="PASS" start="2024-01-29T15:56:52.895675" elapsed="2.442186"/>
</kw>
<kw name="Maximize Browser Window" owner="SeleniumLibrary">
<doc>Maximizes current browser window.</doc>
<status status="PASS" start="2024-01-29T15:56:55.337861" elapsed="0.154621"/>
</kw>
<status status="PASS" start="2024-01-29T15:56:51.318154" elapsed="4.174328"/>
</kw>
<kw name="Effectuer Une Connexion Avec Un Compte Valide" owner="commun">
<kw name="Se connecter" owner="commun">
<kw name="Accéder A La Page De Connexion" owner="commun">
<kw name="Wait Until Element Is Visible" owner="SeleniumLibrary">
<arg>${LIEN SE CONNECTER}</arg>
<doc>Waits until the element ``locator`` is visible.</doc>
<status status="PASS" start="2024-01-29T15:56:55.502357" elapsed="0.120417"/>
</kw>
<kw name="Click Element" owner="SeleniumLibrary">
<msg time="2024-01-29T15:56:55.622774" level="INFO">Clicking element 'xpath=//a[contains(text(),'Se connecter')]'.</msg>
<arg>${LIEN SE CONNECTER}</arg>
<doc>Click the element identified by ``locator``.</doc>
<status status="PASS" start="2024-01-29T15:56:55.622774" elapsed="0.112709"/>
</kw>
<status status="PASS" start="2024-01-29T15:56:55.502357" elapsed="0.233126"/>
</kw>
<kw name="Entrer Le Nom D'utilisateur" owner="commun">
<kw name="Wait Until Element Is Visible" owner="SeleniumLibrary">
<arg>${CHAMP NOM UTILISATEUR}</arg>
<doc>Waits until the element ``locator`` is visible.</doc>
<status status="PASS" start="2024-01-29T15:56:55.736480" elapsed="0.259480"/>
</kw>
<kw name="Click Element" owner="SeleniumLibrary">
<msg time="2024-01-29T15:56:55.995960" level="INFO">Clicking element 'name=username'.</msg>
<arg>${CHAMP NOM UTILISATEUR}</arg>
<doc>Click the element identified by ``locator``.</doc>
<status status="PASS" start="2024-01-29T15:56:55.995960" elapsed="0.102354"/>
</kw>
<kw name="Input Text" owner="SeleniumLibrary">
<msg time="2024-01-29T15:56:56.098314" level="INFO">Typing text 'robot' into text field 'name=username'.</msg>
<arg>${CHAMP NOM UTILISATEUR}</arg>
<arg>${nom_utilisateur}</arg>
<doc>Types the given ``text`` into the text field identified by ``locator``.</doc>
<status status="PASS" start="2024-01-29T15:56:56.098314" elapsed="0.094020"/>
</kw>
<arg>${nom_utilisateur}</arg>
<status status="PASS" start="2024-01-29T15:56:55.735483" elapsed="0.456851"/>
</kw>
<kw name="Entrer Le Mot De Passe" owner="commun">
<kw name="Click Element" owner="SeleniumLibrary">
<msg time="2024-01-29T15:56:56.192334" level="INFO">Clicking element 'name=password'.</msg>
<arg>${CHAMP MOT DE PASSE}</arg>
<doc>Click the element identified by ``locator``.</doc>
<status status="PASS" start="2024-01-29T15:56:56.192334" elapsed="0.077664"/>
</kw>
<kw name="Input Password" owner="SeleniumLibrary">
<msg time="2024-01-29T15:56:56.269998" level="INFO">Typing password into text field 'name=password'.</msg>
<msg time="2024-01-29T15:56:56.302464" level="INFO">Temporally setting log level to: NONE</msg>
<arg>${CHAMP MOT DE PASSE}</arg>
<arg>${mot_de_passe}</arg>
<doc>Types the given password into the text field identified by ``locator``.</doc>
<status status="PASS" start="2024-01-29T15:56:56.269998" elapsed="0.072601"/>
</kw>
<arg>${mot_de_passe}</arg>
<status status="PASS" start="2024-01-29T15:56:56.192334" elapsed="0.150265"/>
</kw>
<kw name="Soumettre Le Formulaire De Connexion Et Acceder Au Tableau De Bord" owner="commun">
<kw name="Click Button" owner="SeleniumLibrary">
<msg time="2024-01-29T15:56:56.346940" level="INFO">Clicking button 'css=.homey_login_button'.</msg>
<arg>${BOUTON VALIDER}</arg>
<doc>Clicks the button identified by ``locator``.</doc>
<status status="PASS" start="2024-01-29T15:56:56.345900" elapsed="0.092668"/>
</kw>
<kw name="Wait Until Element Is Not Visible" owner="SeleniumLibrary">
<arg>${BOUTON VALIDER}</arg>
<doc>Waits until the element ``locator`` is not visible.</doc>
<status status="PASS" start="2024-01-29T15:56:56.438568" elapsed="1.583931"/>
</kw>
<status status="PASS" start="2024-01-29T15:56:56.342599" elapsed="1.679900"/>
</kw>
<arg>${UTILISATEUR VALIDE}</arg>
<arg>${MOT DE PASSE VALIDE}</arg>
<status status="PASS" start="2024-01-29T15:56:55.502357" elapsed="2.520646"/>
</kw>
<status status="PASS" start="2024-01-29T15:56:55.502357" elapsed="2.520646"/>
</kw>
<kw name="Vérifier Que Le Tableau De Bord Est Visible" owner="commun">
<kw name="Wait Until Element Is Not Visible" owner="SeleniumLibrary">
<arg>${CHAMP NOM UTILISATEUR}</arg>
<doc>Waits until the element ``locator`` is not visible.</doc>
<status status="PASS" start="2024-01-29T15:56:58.024003" elapsed="0.024019"/>
</kw>
<kw name="Title Should Be" owner="SeleniumLibrary">
<msg time="2024-01-29T15:56:58.056533" level="INFO">Page title is 'Tableau de bord - Livraison 3'.</msg>
<arg>${TITRE TABLEAU DE BORD}</arg>
<doc>Verifies that the current page title equals ``title``.</doc>
<status status="PASS" start="2024-01-29T15:56:58.049019" elapsed="0.007514"/>
</kw>
<status status="PASS" start="2024-01-29T15:56:58.023003" elapsed="0.033530"/>
</kw>
<kw name="Effectuer Une Déconnexion Réussie" owner="commun">
<kw name="Mouse Over" owner="SeleniumLibrary">
<msg time="2024-01-29T15:56:58.058527" level="INFO">Simulating Mouse Over on element '//*[@id="homey_nav_sticky"]/div/div/div[3]/div'.</msg>
<arg>${MENU D'UTILISATEUR}</arg>
<doc>Simulates hovering the mouse over the element ``locator``.</doc>
<status status="PASS" start="2024-01-29T15:56:58.058527" elapsed="0.309486"/>
</kw>
<kw name="Wait Until Element Is Visible" owner="SeleniumLibrary">
<arg>${LIEN SE DECONNECTER}</arg>
<doc>Waits until the element ``locator`` is visible.</doc>
<status status="PASS" start="2024-01-29T15:56:58.368013" elapsed="0.026117"/>
</kw>
<kw name="Click Element" owner="SeleniumLibrary">
<msg time="2024-01-29T15:56:58.395131" level="INFO">Clicking element '//*[@id="homey_nav_sticky"]/div/div/div[3]/div/div/ul/li[8]/a'.</msg>
<arg>${LIEN SE DECONNECTER}</arg>
<doc>Click the element identified by ``locator``.</doc>
<status status="PASS" start="2024-01-29T15:56:58.394130" elapsed="1.653751"/>
</kw>
<kw name="Wait Until Element Is Not Visible" owner="SeleniumLibrary">
<arg>${LIEN SE DECONNECTER}</arg>
<doc>Waits until the element ``locator`` is not visible.</doc>
<status status="PASS" start="2024-01-29T15:57:00.047881" elapsed="0.041119"/>
</kw>
<status status="PASS" start="2024-01-29T15:56:58.057530" elapsed="2.031470"/>
</kw>
<kw name="Vérifier Que L'Accueil est Visible" owner="commun">
<kw name="Title Should Be" owner="SeleniumLibrary">
<msg time="2024-01-29T15:57:00.108272" level="INFO">Page title is 'Accueil - Livraison 3'.</msg>
<arg>${TITRE ACCUEIL}</arg>
<doc>Verifies that the current page title equals ``title``.</doc>
<status status="PASS" start="2024-01-29T15:57:00.091494" elapsed="0.016778"/>
</kw>
<status status="PASS" start="2024-01-29T15:57:00.090486" elapsed="0.017786"/>
</kw>
<kw name="Vérifier Que Le Lien De Connexion Est Visible" owner="commun">
<kw name="Element Should Be Visible" owner="SeleniumLibrary">
<msg time="2024-01-29T15:57:00.139620" level="INFO">Element 'xpath=//a[contains(text(),'Se connecter')]' is displayed.</msg>
<arg>${LIEN SE CONNECTER}</arg>
<doc>Verifies that the element identified by ``locator`` is visible.</doc>
<status status="PASS" start="2024-01-29T15:57:00.110103" elapsed="0.029517"/>
</kw>
<status status="PASS" start="2024-01-29T15:57:00.109102" elapsed="0.030518"/>
</kw>
<kw name="Fermer le Navigateur" owner="commun" type="TEARDOWN">
<kw name="Close Browser" owner="SeleniumLibrary">
<doc>Closes the current browser.</doc>
<status status="PASS" start="2024-01-29T15:57:00.141581" elapsed="2.219641"/>
</kw>
<status status="PASS" start="2024-01-29T15:57:00.140579" elapsed="2.220643"/>
</kw>
<status status="PASS" start="2024-01-29T15:56:51.318154" elapsed="11.043890"/>
</test>
<status status="PASS" start="2024-01-29T15:56:40.279094" elapsed="22.083532"/>
</suite>
<status status="PASS" start="2024-01-29T15:56:40.276883" elapsed="22.085743"/>
</suite>
<status status="PASS" start="2024-01-29T15:56:40.273892" elapsed="22.088734"/>
</suite>
<status status="PASS" start="2024-01-29T15:56:40.245131" elapsed="22.117495"/>
</suite>
<statistics>
<total>
<stat pass="2" fail="0" skip="0">All Tests</stat>
</total>
<tag>
</tag>
<suite>
<stat pass="2" fail="0" skip="0" id="s1" name="Test-Academy">Test-Academy</stat>
<stat pass="2" fail="0" skip="0" id="s1-s1" name="Robot -Projet Homey">Test-Academy.Robot -Projet Homey</stat>
<stat pass="2" fail="0" skip="0" id="s1-s1-s1" name="Story - Se connecter">Test-Academy.Robot -Projet Homey.Story - Se connecter</stat>
<stat pass="2" fail="0" skip="0" id="s1-s1-s1-s1" name="1- Se connecter - valides">Test-Academy.Robot -Projet Homey.Story - Se connecter.1- Se connecter - valides</stat>
</suite>
</statistics>
<errors>
</errors>
</robot>
